[36m--[0m Using CATKIN_DEVEL_PREFIX: /home/salvatore/ros_ws/devel/.private/hello_world
[36m--[0m Using CMAKE_PREFIX_PATH: /home/salvatore/ros_ws/devel;/home/salvatore/uslam_ws/devel;/opt/ros/noetic
[36m--[0m This workspace overlays: /home/salvatore/ros_ws/devel;/home/salvatore/uslam_ws/devel;/opt/ros/noetic
[36m--[0m Found PythonInterp: /home/salvatore/miniconda3/envs/ros_env/bin/python3 (found suitable version "3.8.18", minimum required is "3")
[36m--[0m Using PYTHON_EXECUTABLE: /home/salvatore/miniconda3/envs/ros_env/bin/python3
[36m--[0m Using Debian Python package layout
[36m--[0m Using empy: /home/salvatore/miniconda3/envs/ros_env/lib/python3.8/site-packages/em.py
[36m--[0m Using CATKIN_ENABLE_TESTING: ON
[36m--[0m Call enable_testing()
[36m--[0m Using CATKIN_TEST_RESULTS_DIR: /home/salvatore/ros_ws/build/hello_world/test_results
[36m--[0m Forcing gtest/gmock from source, though one was otherwise available.
[36m--[0m Found gtest sources under '/usr/src/googletest': gtests will be built
[36m--[0m Found gmock sources under '/usr/src/googletest': gmock will be built
[36m--[0m Found PythonInterp: /home/salvatore/miniconda3/envs/ros_env/bin/python3 (found version "3.8.18")
[36m--[0m Using Python nosetests: /usr/bin/nosetests3
[36m--[0m catkin 0.8.10
[36m--[0m BUILD_SHARED_LIBS is on
[36m--[0m Using these message generators: gencpp;geneus;genlisp;gennodejs;genpy
[36m--[0m hello_world: 3 messages, 0 services
[36m--[0m Installing devel-space wrapper /home/salvatore/ros_ws/src/hello_world/scripts/bag_to_h5_node.py to /home/salvatore/ros_ws/devel/.private/hello_world/lib/hello_world
[36m--[0m Installing devel-space wrapper /home/salvatore/ros_ws/src/hello_world/scripts/bounding_box_publisher.py to /home/salvatore/ros_ws/devel/.private/hello_world/lib/hello_world
[36m--[0m Installing devel-space wrapper /home/salvatore/ros_ws/src/hello_world/scripts/event_img_subscriber.py to /home/salvatore/ros_ws/devel/.private/hello_world/lib/hello_world
[36m--[0m Installing devel-space wrapper /home/salvatore/ros_ws/src/hello_world/scripts/sync_nod.py to /home/salvatore/ros_ws/devel/.private/hello_world/lib/hello_world
[36m--[0m Configuring done
[36m--[0m Generating done
[36m--[0m Build files have been written to: /home/salvatore/ros_ws/build/hello_world
