Linked: (/home/salvatore/ros_ws/devel/.private/hello_world/include/hello_world/EventArray.h, /home/salvatore/ros_ws/devel/include/hello_world/EventArray.h)
Linked: (/home/salvatore/ros_ws/devel/.private/hello_world/include/hello_world/Event.h, /home/salvatore/ros_ws/devel/include/hello_world/Event.h)
Linked: (/home/salvatore/ros_ws/devel/.private/hello_world/include/hello_world/BoundingBoxWithTime.h, /home/salvatore/ros_ws/devel/include/hello_world/BoundingBoxWithTime.h)
Linked: (/home/salvatore/ros_ws/devel/.private/hello_world/share/hello_world/cmake/hello_worldConfig-version.cmake, /home/salvatore/ros_ws/devel/share/hello_world/cmake/hello_worldConfig-version.cmake)
Linked: (/home/salvatore/ros_ws/devel/.private/hello_world/share/hello_world/cmake/hello_world-msg-paths.cmake, /home/salvatore/ros_ws/devel/share/hello_world/cmake/hello_world-msg-paths.cmake)
Linked: (/home/salvatore/ros_ws/devel/.private/hello_world/share/hello_world/cmake/hello_world-msg-extras.cmake, /home/salvatore/ros_ws/devel/share/hello_world/cmake/hello_world-msg-extras.cmake)
Linked: (/home/salvatore/ros_ws/devel/.private/hello_world/share/hello_world/cmake/hello_worldConfig.cmake, /home/salvatore/ros_ws/devel/share/hello_world/cmake/hello_worldConfig.cmake)
Linked: (/home/salvatore/ros_ws/devel/.private/hello_world/share/gennodejs/ros/hello_world/_index.js, /home/salvatore/ros_ws/devel/share/gennodejs/ros/hello_world/_index.js)
Linked: (/home/salvatore/ros_ws/devel/.private/hello_world/share/gennodejs/ros/hello_world/msg/Event.js, /home/salvatore/ros_ws/devel/share/gennodejs/ros/hello_world/msg/Event.js)
Linked: (/home/salvatore/ros_ws/devel/.private/hello_world/share/gennodejs/ros/hello_world/msg/_index.js, /home/salvatore/ros_ws/devel/share/gennodejs/ros/hello_world/msg/_index.js)
Linked: (/home/salvatore/ros_ws/devel/.private/hello_world/share/gennodejs/ros/hello_world/msg/EventArray.js, /home/salvatore/ros_ws/devel/share/gennodejs/ros/hello_world/msg/EventArray.js)
Linked: (/home/salvatore/ros_ws/devel/.private/hello_world/share/gennodejs/ros/hello_world/msg/BoundingBoxWithTime.js, /home/salvatore/ros_ws/devel/share/gennodejs/ros/hello_world/msg/BoundingBoxWithTime.js)
Linked: (/home/salvatore/ros_ws/devel/.private/hello_world/share/roseus/ros/hello_world/manifest.l, /home/salvatore/ros_ws/devel/share/roseus/ros/hello_world/manifest.l)
Linked: (/home/salvatore/ros_ws/devel/.private/hello_world/share/roseus/ros/hello_world/msg/Event.l, /home/salvatore/ros_ws/devel/share/roseus/ros/hello_world/msg/Event.l)
Linked: (/home/salvatore/ros_ws/devel/.private/hello_world/share/roseus/ros/hello_world/msg/EventArray.l, /home/salvatore/ros_ws/devel/share/roseus/ros/hello_world/msg/EventArray.l)
Linked: (/home/salvatore/ros_ws/devel/.private/hello_world/share/roseus/ros/hello_world/msg/BoundingBoxWithTime.l, /home/salvatore/ros_ws/devel/share/roseus/ros/hello_world/msg/BoundingBoxWithTime.l)
Linked: (/home/salvatore/ros_ws/devel/.private/hello_world/share/common-lisp/ros/hello_world/msg/Event.lisp, /home/salvatore/ros_ws/devel/share/common-lisp/ros/hello_world/msg/Event.lisp)
Linked: (/home/salvatore/ros_ws/devel/.private/hello_world/share/common-lisp/ros/hello_world/msg/hello_world-msg.asd, /home/salvatore/ros_ws/devel/share/common-lisp/ros/hello_world/msg/hello_world-msg.asd)
Linked: (/home/salvatore/ros_ws/devel/.private/hello_world/share/common-lisp/ros/hello_world/msg/_package.lisp, /home/salvatore/ros_ws/devel/share/common-lisp/ros/hello_world/msg/_package.lisp)
Linked: (/home/salvatore/ros_ws/devel/.private/hello_world/share/common-lisp/ros/hello_world/msg/_package_Event.lisp, /home/salvatore/ros_ws/devel/share/common-lisp/ros/hello_world/msg/_package_Event.lisp)
Linked: (/home/salvatore/ros_ws/devel/.private/hello_world/share/common-lisp/ros/hello_world/msg/_package_EventArray.lisp, /home/salvatore/ros_ws/devel/share/common-lisp/ros/hello_world/msg/_package_EventArray.lisp)
Linked: (/home/salvatore/ros_ws/devel/.private/hello_world/share/common-lisp/ros/hello_world/msg/EventArray.lisp, /home/salvatore/ros_ws/devel/share/common-lisp/ros/hello_world/msg/EventArray.lisp)
Linked: (/home/salvatore/ros_ws/devel/.private/hello_world/share/common-lisp/ros/hello_world/msg/BoundingBoxWithTime.lisp, /home/salvatore/ros_ws/devel/share/common-lisp/ros/hello_world/msg/BoundingBoxWithTime.lisp)
Linked: (/home/salvatore/ros_ws/devel/.private/hello_world/share/common-lisp/ros/hello_world/msg/_package_BoundingBoxWithTime.lisp, /home/salvatore/ros_ws/devel/share/common-lisp/ros/hello_world/msg/_package_BoundingBoxWithTime.lisp)
Linked: (/home/salvatore/ros_ws/devel/.private/hello_world/lib/hello_world/event_img_subscriber.py, /home/salvatore/ros_ws/devel/lib/hello_world/event_img_subscriber.py)
Linked: (/home/salvatore/ros_ws/devel/.private/hello_world/lib/hello_world/bounding_box_publisher.py, /home/salvatore/ros_ws/devel/lib/hello_world/bounding_box_publisher.py)
Symlinking /home/salvatore/ros_ws/devel/lib/hello_world/sync_nod.py
Linked: (/home/salvatore/ros_ws/devel/.private/hello_world/lib/hello_world/bag_to_h5_node.py, /home/salvatore/ros_ws/devel/lib/hello_world/bag_to_h5_node.py)
Linked: (/home/salvatore/ros_ws/devel/.private/hello_world/lib/hello_world/cmake.lock, /home/salvatore/ros_ws/devel/lib/hello_world/cmake.lock)
Linked: (/home/salvatore/ros_ws/devel/.private/hello_world/lib/hello_world/sync_node.py, /home/salvatore/ros_ws/devel/lib/hello_world/sync_node.py)
Linked: (/home/salvatore/ros_ws/devel/.private/hello_world/lib/python3/dist-packages/hello_world/__init__.py, /home/salvatore/ros_ws/devel/lib/python3/dist-packages/hello_world/__init__.py)
Linked: (/home/salvatore/ros_ws/devel/.private/hello_world/lib/python3/dist-packages/hello_world/msg/_Event.py, /home/salvatore/ros_ws/devel/lib/python3/dist-packages/hello_world/msg/_Event.py)
Linked: (/home/salvatore/ros_ws/devel/.private/hello_world/lib/python3/dist-packages/hello_world/msg/_EventArray.py, /home/salvatore/ros_ws/devel/lib/python3/dist-packages/hello_world/msg/_EventArray.py)
Linked: (/home/salvatore/ros_ws/devel/.private/hello_world/lib/python3/dist-packages/hello_world/msg/__init__.py, /home/salvatore/ros_ws/devel/lib/python3/dist-packages/hello_world/msg/__init__.py)
Linked: (/home/salvatore/ros_ws/devel/.private/hello_world/lib/python3/dist-packages/hello_world/msg/_BoundingBoxWithTime.py, /home/salvatore/ros_ws/devel/lib/python3/dist-packages/hello_world/msg/_BoundingBoxWithTime.py)
Linked: (/home/salvatore/ros_ws/devel/.private/hello_world/lib/pkgconfig/hello_world.pc, /home/salvatore/ros_ws/devel/lib/pkgconfig/hello_world.pc)
